<?xml version="1.0" encoding="UTF-8"?>
<!-- Generated by org.testng.reporters.JUnitXMLReporter -->
<testsuite ignored="8" hostname="DESKTOP-NO6VRSL" failures="0" tests="1" name="Default test" time="7.956" errors="0" timestamp="2025-04-26T14:21:30 PDT">
  <testcase classname="codenboxautomationlab.testCodenBox" name="testTheTable" time="0.366"/>
  <testcase classname="codenboxautomationlab.testCodenBox" name="confirmButtonTest" time="0.0">
    <ignored/>
  </testcase> <!-- confirmButtonTest -->
  <testcase classname="codenboxautomationlab.testCodenBox" name="checkBoxTest" time="0.0">
    <ignored/>
  </testcase> <!-- checkBoxTest -->
  <testcase classname="codenboxautomationlab.testCodenBox" name="autoCompletTest" time="0.0">
    <ignored/>
  </testcase> <!-- autoCompletTest -->
  <testcase classname="codenboxautomationlab.testCodenBox" name="switchWindow" time="0.0">
    <ignored/>
  </testcase> <!-- switchWindow -->
  <testcase classname="codenboxautomationlab.testCodenBox" name="alertTabTest" time="0.0">
    <ignored/>
  </testcase> <!-- alertTabTest -->
  <testcase classname="codenboxautomationlab.testCodenBox" name="staticSelect" time="0.0">
    <ignored/>
  </testcase> <!-- staticSelect -->
  <testcase classname="codenboxautomationlab.testCodenBox" name="switchTab" time="0.0">
    <ignored/>
  </testcase> <!-- switchTab -->
  <testcase classname="codenboxautomationlab.testCodenBox" name="radioButton" time="0.0">
    <ignored/>
  </testcase> <!-- radioButton -->
</testsuite> <!-- Default test -->
