<?xml version="1.0" encoding="UTF-8"?>
<testng-results ignored="8" total="9" passed="1" failed="0" skipped="0">
  <reporter-output>
  </reporter-output>
  <suite started-at="2025-04-26T14:21:22 PDT" name="Default suite" finished-at="2025-04-26T14:21:30 PDT" duration-ms="7956">
    <groups>
    </groups>
    <test started-at="2025-04-26T14:21:22 PDT" name="Default test" finished-at="2025-04-26T14:21:30 PDT" duration-ms="7956">
      <class name="codenboxautomationlab.testCodenBox">
        <test-method is-config="true" signature="mySetup()[pri:0, instance:codenboxautomationlab.testCodenBox@64ba3208]" started-at="2025-04-26T14:21:22 PDT" name="mySetup" finished-at="2025-04-26T14:21:29 PDT" duration-ms="7494" status="PASS">
          <reporter-output>
          </reporter-output>
        </test-method> <!-- mySetup -->
        <test-method signature="testTheTable()[pri:9, instance:codenboxautomationlab.testCodenBox@64ba3208]" started-at="2025-04-26T14:21:29 PDT" name="testTheTable" finished-at="2025-04-26T14:21:30 PDT" duration-ms="366" status="PASS">
          <reporter-output>
          </reporter-output>
        </test-method> <!-- testTheTable -->
      </class> <!-- codenboxautomationlab.testCodenBox -->
    </test> <!-- Default test -->
  </suite> <!-- Default suite -->
</testng-results>
